<?xml version="1.0" encoding="UTF-8"?>
<!-- Generated by org.testng.reporters.JUnitReportReporter -->
<testsuite hostname="LAPTOP-6OACLVLF" failures="0" tests="2" name="StepDefinitions.TestRunner" time="15.974" errors="0" timestamp="2022-03-23T20:26:13 IST" skipped="0">
  <testcase classname="StepDefinitions.TestRunner" name="runScenario" time="11.260"/>
  <system-out/>
  <testcase classname="StepDefinitions.TestRunner" name="runScenario" time="4.714"/>
  <system-out/>
</testsuite> <!-- StepDefinitions.TestRunner -->
