<?xml version="1.0" encoding="UTF-8"?>
<!-- Generated by org.testng.reporters.JUnitReportReporter -->
<testsuite hostname="LAPTOP-6OACLVLF" failures="0" tests="1" name="StepDefinitions.TestRunner" time="0.400" errors="1" timestamp="2022-03-22T19:59:30 IST" skipped="0">
  <testcase classname="StepDefinitions.TestRunner" name="runScenario" time="0.400">
    <error message="Cannot invoke &quot;org.openqa.selenium.WebDriver.close()&quot; because &quot;StepDefinitions.LoginService.driver&quot; is null" type="java.lang.NullPointerException">
      <![CDATA[java.lang.NullPointerException: Cannot invoke "org.openqa.selenium.WebDriver.close()" because "StepDefinitions.LoginService.driver" is null
at StepDefinitions.LoginService.closeBrowser(LoginService.java:74)
]]>
    </error>
  </testcase> <!-- runScenario -->
  <system-out/>
</testsuite> <!-- StepDefinitions.TestRunner -->
