<?xml version="1.0" encoding="UTF-8"?>
<!-- Generated by org.testng.reporters.JUnitReportReporter -->
<testsuite skipped="0" hostname="LAPTOP-6OACLVLF" name="StepDefinitions.TestRunner" tests="1" failures="0" timestamp="2022-03-22T19:35:59 IST" time="18.066" errors="0">
  <testcase name="runScenario" time="18.066" classname="StepDefinitions.TestRunner"/>
  <system-out/>
</testsuite> <!-- StepDefinitions.TestRunner -->
